2022-04-25 14:53:34.858  INFO 6652 --- [restartedMain] c.p.libraryapi.LibraryApiApplication     : Starting LibraryApiApplication using Java 1.8.0_311 on Paulinas-MacBook-Pro.local with PID 6652 (/Users/paulinarehbein/Documents/cursos/DesignDeAPIRestFulCompringBootTDDJUnit5/library-api/target/classes started by paulinarehbein in /Users/paulinarehbein/Documents/cursos/DesignDeAPIRestFulCompringBootTDDJUnit5/library-api)
2022-04-25 14:53:34.864 DEBUG 6652 --- [restartedMain] c.p.libraryapi.LibraryApiApplication     : Running with Spring Boot v2.6.6, Spring v5.3.18
2022-04-25 14:53:34.865  INFO 6652 --- [restartedMain] c.p.libraryapi.LibraryApiApplication     : No active profile set, falling back to 1 default profile: "default"
2022-04-25 14:53:35.025  INFO 6652 --- [restartedMain] .e.DevToolsPropertyDefaultsPostProcessor : Devtools property defaults active! Set 'spring.devtools.add-properties' to 'false' to disable
2022-04-25 14:53:35.033  INFO 6652 --- [restartedMain] .e.DevToolsPropertyDefaultsPostProcessor : For additional web related logging consider setting the 'logging.level.web' property to 'DEBUG'
2022-04-25 14:53:37.738  INFO 6652 --- [restartedMain] .s.d.r.c.RepositoryConfigurationDelegate : Bootstrapping Spring Data JPA repositories in DEFAULT mode.
2022-04-25 14:53:37.819  INFO 6652 --- [restartedMain] .s.d.r.c.RepositoryConfigurationDelegate : Finished Spring Data repository scanning in 69 ms. Found 2 JPA repository interfaces.
2022-04-25 14:53:38.811  INFO 6652 --- [restartedMain] o.s.b.w.embedded.tomcat.TomcatWebServer  : Tomcat initialized with port(s): 8080 (http)
2022-04-25 14:53:38.824  INFO 6652 --- [restartedMain] o.apache.catalina.core.StandardService   : Starting service [Tomcat]
2022-04-25 14:53:38.824  INFO 6652 --- [restartedMain] org.apache.catalina.core.StandardEngine  : Starting Servlet engine: [Apache Tomcat/9.0.60]
2022-04-25 14:53:38.935  INFO 6652 --- [restartedMain] o.a.c.c.C.[Tomcat].[localhost].[/]       : Initializing Spring embedded WebApplicationContext
2022-04-25 14:53:38.935  INFO 6652 --- [restartedMain] w.s.c.ServletWebServerApplicationContext : Root WebApplicationContext: initialization completed in 3899 ms
2022-04-25 14:53:39.188  INFO 6652 --- [restartedMain] com.zaxxer.hikari.HikariDataSource       : HikariPool-1 - Starting...
2022-04-25 14:53:39.358  INFO 6652 --- [restartedMain] com.zaxxer.hikari.HikariDataSource       : HikariPool-1 - Start completed.
2022-04-25 14:53:39.373  INFO 6652 --- [restartedMain] o.s.b.a.h2.H2ConsoleAutoConfiguration    : H2 console available at '/h2-console'. Database available at 'jdbc:h2:mem:bb1b919b-b728-43bc-bfa2-2fe7493a3a6e'
2022-04-25 14:53:39.634  INFO 6652 --- [restartedMain] o.hibernate.jpa.internal.util.LogHelper  : HHH000204: Processing PersistenceUnitInfo [name: default]
2022-04-25 14:53:39.687  INFO 6652 --- [restartedMain] org.hibernate.Version                    : HHH000412: Hibernate ORM core version 5.6.7.Final
2022-04-25 14:53:39.933  INFO 6652 --- [restartedMain] o.hibernate.annotations.common.Version   : HCANN000001: Hibernate Commons Annotations {5.1.2.Final}
2022-04-25 14:53:40.136  INFO 6652 --- [restartedMain] org.hibernate.dialect.Dialect            : HHH000400: Using dialect: org.hibernate.dialect.H2Dialect
2022-04-25 14:53:42.421  INFO 6652 --- [restartedMain] o.h.e.t.j.p.i.JtaPlatformInitiator       : HHH000490: Using JtaPlatform implementation: [org.hibernate.engine.transaction.jta.platform.internal.NoJtaPlatform]
2022-04-25 14:53:42.436  INFO 6652 --- [restartedMain] j.LocalContainerEntityManagerFactoryBean : Initialized JPA EntityManagerFactory for persistence unit 'default'
2022-04-25 14:53:45.868  WARN 6652 --- [restartedMain] JpaBaseConfiguration$JpaWebConfiguration : spring.jpa.open-in-view is enabled by default. Therefore, database queries may be performed during view rendering. Explicitly configure spring.jpa.open-in-view to disable this warning
2022-04-25 14:53:46.600  INFO 6652 --- [restartedMain] o.s.b.a.e.web.EndpointLinksResolver      : Exposing 14 endpoint(s) beneath base path '/actuator'
2022-04-25 14:53:47.156  INFO 6652 --- [restartedMain] o.s.b.d.a.OptionalLiveReloadServer       : LiveReload server is running on port 35729
2022-04-25 14:53:48.059  INFO 6652 --- [restartedMain] o.s.b.w.embedded.tomcat.TomcatWebServer  : Tomcat started on port(s): 8080 (http) with context path ''
2022-04-25 14:53:48.061  INFO 6652 --- [restartedMain] d.s.w.p.DocumentationPluginsBootstrapper : Context refreshed
2022-04-25 14:53:48.095  INFO 6652 --- [restartedMain] d.s.w.p.DocumentationPluginsBootstrapper : Found 1 custom documentation plugin(s)
